  [1m[35m (111.5ms)[0m  [1m[35mCREATE TABLE "schema_migrations" ("version" character varying NOT NULL PRIMARY KEY)[0m
  [1m[35m (39.3ms)[0m  [1m[35mCREATE TABLE "ar_internal_metadata" ("key" character varying NOT NULL PRIMARY KEY, "value" character varying, "created_at" timestamp(6) NOT NULL, "updated_at" timestamp(6) NOT NULL)[0m
  [1m[35m (2.0ms)[0m  [1m[34mSELECT pg_try_advisory_lock(5259941444891727195)[0m
  [1m[35m (2.1ms)[0m  [1m[34mSELECT "schema_migrations"."version" FROM "schema_migrations" ORDER BY "schema_migrations"."version" ASC[0m
Migrating to CreateCourses (20240311120654)
  [1m[35m (0.6ms)[0m  [1m[35mBEGIN[0m
  [1m[35m (64.0ms)[0m  [1m[35mCREATE TABLE "courses" ("id" bigserial primary key, "name" character varying, "created_at" timestamp(6) NOT NULL, "updated_at" timestamp(6) NOT NULL)[0m
  [1m[36mActiveRecord::SchemaMigration Create (11.1ms)[0m  [1m[32mINSERT INTO "schema_migrations" ("version") VALUES ($1) RETURNING "version"[0m  [["version", "20240311120654"]]
  [1m[35m (4.6ms)[0m  [1m[35mCOMMIT[0m
  [1m[36mActiveRecord::InternalMetadata Load (2.2ms)[0m  [1m[34mSELECT "ar_internal_metadata".* FROM "ar_internal_metadata" WHERE "ar_internal_metadata"."key" = $1 LIMIT $2[0m  [["key", "environment"], ["LIMIT", 1]]
  [1m[35m (0.2ms)[0m  [1m[35mBEGIN[0m
  [1m[36mActiveRecord::InternalMetadata Create (3.0ms)[0m  [1m[32mINSERT INTO "ar_internal_metadata" ("key", "value", "created_at", "updated_at") VALUES ($1, $2, $3, $4) RETURNING "key"[0m  [["key", "environment"], ["value", "development"], ["created_at", "2024-03-11 12:07:30.258107"], ["updated_at", "2024-03-11 12:07:30.258107"]]
  [1m[35m (0.5ms)[0m  [1m[35mCOMMIT[0m
  [1m[35m (0.7ms)[0m  [1m[34mSELECT pg_advisory_unlock(5259941444891727195)[0m
  [1m[35m (11.7ms)[0m  [1m[34mSELECT "schema_migrations"."version" FROM "schema_migrations" ORDER BY "schema_migrations"."version" ASC[0m
  [1m[35m (0.2ms)[0m  [1m[35mBEGIN[0m
  [1m[36mCourse Create (31.7ms)[0m  [1m[32mINSERT INTO "courses" ("name", "created_at", "updated_at") VALUES ($1, $2, $3) RETURNING "id"[0m  [["name", "ruby"], ["created_at", "2024-03-11 12:09:21.201139"], ["updated_at", "2024-03-11 12:09:21.201139"]]
  [1m[35m (22.6ms)[0m  [1m[35mCOMMIT[0m
Started GET "/courses.json" for ::1 at 2024-03-11 16:10:43 +0400
  [1m[35m (1.3ms)[0m  [1m[34mSELECT "schema_migrations"."version" FROM "schema_migrations" ORDER BY "schema_migrations"."version" ASC[0m
Processing by CoursesController#index as JSON
  Rendering courses/index.json.jbuilder
  [1m[36mCourse Load (18.7ms)[0m  [1m[34mSELECT "courses".* FROM "courses"[0m
  ↳ app/views/courses/index.json.jbuilder:1
  Rendered collection of courses/_course.json.jbuilder [1 times] (Duration: 24.4ms | Allocations: 205)
  Rendered courses/index.json.jbuilder (Duration: 133.2ms | Allocations: 3896)
Completed 200 OK in 563ms (Views: 256.5ms | ActiveRecord: 28.2ms | Allocations: 13086)


Started GET "/courses.json" for ::1 at 2024-03-11 16:19:59 +0400
  [1m[35m (1.6ms)[0m  [1m[34mSELECT "schema_migrations"."version" FROM "schema_migrations" ORDER BY "schema_migrations"."version" ASC[0m
Processing by CoursesController#index as JSON
  Rendering courses/index.json.jbuilder
  [1m[36mCourse Load (5.2ms)[0m  [1m[34mSELECT "courses".* FROM "courses"[0m
  ↳ app/views/courses/index.json.jbuilder:1
  Rendered collection of courses/_course.json.jbuilder [1 times] (Duration: 8.7ms | Allocations: 205)
  Rendered courses/index.json.jbuilder (Duration: 103.4ms | Allocations: 3788)
Completed 200 OK in 313ms (Views: 200.3ms | ActiveRecord: 15.7ms | Allocations: 7336)


Started GET "/courses.json" for ::1 at 2024-03-11 16:21:20 +0400
Processing by CoursesController#index as JSON
  Rendering courses/index.json.jbuilder
  [1m[36mCourse Load (0.6ms)[0m  [1m[34mSELECT "courses".* FROM "courses"[0m
  ↳ app/views/courses/index.json.jbuilder:1
  Rendered collection of courses/_course.json.jbuilder [1 times] (Duration: 0.5ms | Allocations: 110)
  Rendered courses/index.json.jbuilder (Duration: 19.8ms | Allocations: 3052)
Completed 200 OK in 26ms (Views: 13.4ms | ActiveRecord: 7.6ms | Allocations: 3953)


Started GET "/courses.json" for ::1 at 2024-03-11 16:21:47 +0400
Processing by CoursesController#index as JSON
  Rendering courses/index.json.jbuilder
  [1m[36mCourse Load (0.5ms)[0m  [1m[34mSELECT "courses".* FROM "courses"[0m
  ↳ app/views/courses/index.json.jbuilder:1
  Rendered collection of courses/_course.json.jbuilder [1 times] (Duration: 0.5ms | Allocations: 102)
  Rendered courses/index.json.jbuilder (Duration: 2.6ms | Allocations: 985)
Completed 200 OK in 4ms (Views: 2.6ms | ActiveRecord: 0.5ms | Allocations: 1365)


Started POST "/courses.json" for ::1 at 2024-03-11 16:22:47 +0400
Processing by CoursesController#create as JSON
  Parameters: {"name"=>"React"}
Can't verify CSRF token authenticity.
Completed 422 Unprocessable Entity in 1ms (ActiveRecord: 0.0ms | Allocations: 420)


  
ActionController::InvalidAuthenticityToken (ActionController::InvalidAuthenticityToken):
  
actionpack (6.0.6.1) lib/action_controller/metal/request_forgery_protection.rb:211:in `handle_unverified_request'
actionpack (6.0.6.1) lib/action_controller/metal/request_forgery_protection.rb:243:in `handle_unverified_request'
actionpack (6.0.6.1) lib/action_controller/metal/request_forgery_protection.rb:238:in `verify_authenticity_token'
activesupport (6.0.6.1) lib/active_support/callbacks.rb:428:in `block in make_lambda'
activesupport (6.0.6.1) lib/active_support/callbacks.rb:200:in `block (2 levels) in halting'
actionpack (6.0.6.1) lib/abstract_controller/callbacks.rb:34:in `block (2 levels) in <module:Callbacks>'
activesupport (6.0.6.1) lib/active_support/callbacks.rb:201:in `block in halting'
activesupport (6.0.6.1) lib/active_support/callbacks.rb:513:in `block in invoke_before'
activesupport (6.0.6.1) lib/active_support/callbacks.rb:513:in `each'
activesupport (6.0.6.1) lib/active_support/callbacks.rb:513:in `invoke_before'
activesupport (6.0.6.1) lib/active_support/callbacks.rb:110:in `block in run_callbacks'
activesupport (6.0.6.1) lib/active_support/callbacks.rb:139:in `run_callbacks'
actionpack (6.0.6.1) lib/abstract_controller/callbacks.rb:41:in `process_action'
actionpack (6.0.6.1) lib/action_controller/metal/rescue.rb:22:in `process_action'
actionpack (6.0.6.1) lib/action_controller/metal/instrumentation.rb:33:in `block in process_action'
activesupport (6.0.6.1) lib/active_support/notifications.rb:180:in `block in instrument'
activesupport (6.0.6.1) lib/active_support/notifications/instrumenter.rb:24:in `instrument'
activesupport (6.0.6.1) lib/active_support/notifications.rb:180:in `instrument'
actionpack (6.0.6.1) lib/action_controller/metal/instrumentation.rb:32:in `process_action'
actionpack (6.0.6.1) lib/action_controller/metal/params_wrapper.rb:245:in `process_action'
activerecord (6.0.6.1) lib/active_record/railties/controller_runtime.rb:27:in `process_action'
actionpack (6.0.6.1) lib/abstract_controller/base.rb:136:in `process'
actionview (6.0.6.1) lib/action_view/rendering.rb:39:in `process'
actionpack (6.0.6.1) lib/action_controller/metal.rb:190:in `dispatch'
actionpack (6.0.6.1) lib/action_controller/metal.rb:254:in `dispatch'
actionpack (6.0.6.1) lib/action_dispatch/routing/route_set.rb:50:in `dispatch'
actionpack (6.0.6.1) lib/action_dispatch/routing/route_set.rb:33:in `serve'
actionpack (6.0.6.1) lib/action_dispatch/journey/router.rb:49:in `block in serve'
actionpack (6.0.6.1) lib/action_dispatch/journey/router.rb:32:in `each'
actionpack (6.0.6.1) lib/action_dispatch/journey/router.rb:32:in `serve'
actionpack (6.0.6.1) lib/action_dispatch/routing/route_set.rb:834:in `call'
rack (2.2.8.1) lib/rack/tempfile_reaper.rb:15:in `call'
rack (2.2.8.1) lib/rack/etag.rb:27:in `call'
rack (2.2.8.1) lib/rack/conditional_get.rb:40:in `call'
rack (2.2.8.1) lib/rack/head.rb:12:in `call'
actionpack (6.0.6.1) lib/action_dispatch/http/content_security_policy.rb:18:in `call'
rack (2.2.8.1) lib/rack/session/abstract/id.rb:266:in `context'
rack (2.2.8.1) lib/rack/session/abstract/id.rb:260:in `call'
actionpack (6.0.6.1) lib/action_dispatch/middleware/cookies.rb:654:in `call'
activerecord (6.0.6.1) lib/active_record/migration.rb:567:in `call'
actionpack (6.0.6.1) lib/action_dispatch/middleware/callbacks.rb:27:in `block in call'
activesupport (6.0.6.1) lib/active_support/callbacks.rb:101:in `run_callbacks'
actionpack (6.0.6.1) lib/action_dispatch/middleware/callbacks.rb:26:in `call'
actionpack (6.0.6.1) lib/action_dispatch/middleware/executor.rb:14:in `call'
actionpack (6.0.6.1) lib/action_dispatch/middleware/actionable_exceptions.rb:18:in `call'
actionpack (6.0.6.1) lib/action_dispatch/middleware/debug_exceptions.rb:32:in `call'
web-console (4.2.1) lib/web_console/middleware.rb:132:in `call_app'
web-console (4.2.1) lib/web_console/middleware.rb:28:in `block in call'
web-console (4.2.1) lib/web_console/middleware.rb:17:in `catch'
web-console (4.2.1) lib/web_console/middleware.rb:17:in `call'
actionpack (6.0.6.1) lib/action_dispatch/middleware/show_exceptions.rb:33:in `call'
railties (6.0.6.1) lib/rails/rack/logger.rb:37:in `call_app'
railties (6.0.6.1) lib/rails/rack/logger.rb:26:in `block in call'
activesupport (6.0.6.1) lib/active_support/tagged_logging.rb:80:in `block in tagged'
activesupport (6.0.6.1) lib/active_support/tagged_logging.rb:28:in `tagged'
activesupport (6.0.6.1) lib/active_support/tagged_logging.rb:80:in `tagged'
railties (6.0.6.1) lib/rails/rack/logger.rb:26:in `call'
sprockets-rails (3.4.2) lib/sprockets/rails/quiet_assets.rb:13:in `call'
actionpack (6.0.6.1) lib/action_dispatch/middleware/remote_ip.rb:81:in `call'
actionpack (6.0.6.1) lib/action_dispatch/middleware/request_id.rb:27:in `call'
rack (2.2.8.1) lib/rack/method_override.rb:24:in `call'
rack (2.2.8.1) lib/rack/runtime.rb:22:in `call'
activesupport (6.0.6.1) lib/active_support/cache/strategy/local_cache_middleware.rb:29:in `call'
actionpack (6.0.6.1) lib/action_dispatch/middleware/executor.rb:14:in `call'
actionpack (6.0.6.1) lib/action_dispatch/middleware/static.rb:126:in `call'
rack (2.2.8.1) lib/rack/sendfile.rb:110:in `call'
actionpack (6.0.6.1) lib/action_dispatch/middleware/host_authorization.rb:103:in `call'
webpacker (4.3.0) lib/webpacker/dev_server_proxy.rb:23:in `perform_request'
rack-proxy (0.7.7) lib/rack/proxy.rb:87:in `call'
railties (6.0.6.1) lib/rails/engine.rb:527:in `call'
puma (4.3.12) lib/puma/configuration.rb:228:in `call'
puma (4.3.12) lib/puma/server.rb:727:in `handle_request'
puma (4.3.12) lib/puma/server.rb:476:in `process_client'
puma (4.3.12) lib/puma/server.rb:332:in `block in run'
puma (4.3.12) lib/puma/thread_pool.rb:134:in `block in spawn_thread'
Started POST "/courses.json" for ::1 at 2024-03-11 16:25:49 +0400
Processing by CoursesController#create as JSON
  Parameters: {"name"=>"React"}
Completed 400 Bad Request in 99ms (ActiveRecord: 0.0ms | Allocations: 808)


  
ActionController::ParameterMissing (param is missing or the value is empty: course):
  
app/controllers/courses_controller.rb:68:in `course_params'
app/controllers/courses_controller.rb:24:in `create'
Started POST "/courses.json" for ::1 at 2024-03-11 16:26:40 +0400
Processing by CoursesController#create as JSON
  Parameters: {"course"=>{"name"=>"React"}}
  [1m[35m (0.3ms)[0m  [1m[35mBEGIN[0m
  ↳ app/controllers/courses_controller.rb:27:in `block in create'
  [1m[36mCourse Create (1.0ms)[0m  [1m[32mINSERT INTO "courses" ("name", "created_at", "updated_at") VALUES ($1, $2, $3) RETURNING "id"[0m  [["name", "React"], ["created_at", "2024-03-11 12:26:40.801446"], ["updated_at", "2024-03-11 12:26:40.801446"]]
  ↳ app/controllers/courses_controller.rb:27:in `block in create'
  [1m[35m (28.1ms)[0m  [1m[35mCOMMIT[0m
  ↳ app/controllers/courses_controller.rb:27:in `block in create'
  Rendering courses/show.json.jbuilder
  Rendered courses/_course.json.jbuilder (Duration: 6.0ms | Allocations: 139)
  Rendered courses/show.json.jbuilder (Duration: 19.2ms | Allocations: 457)
Completed 201 Created in 107ms (Views: 22.3ms | ActiveRecord: 65.7ms | Allocations: 5869)


Started PATCH "/courses/1.json" for ::1 at 2024-03-11 16:28:40 +0400
Processing by CoursesController#update as JSON
  Parameters: {"course"=>{"name"=>"ruby and rails"}, "id"=>"1"}
  [1m[36mCourse Load (1.5ms)[0m  [1m[34mSELECT "courses".* FROM "courses" WHERE "courses"."id" = $1 LIMIT $2[0m  [["id", 1], ["LIMIT", 1]]
  ↳ app/controllers/courses_controller.rb:63:in `set_course'
  [1m[35m (0.2ms)[0m  [1m[35mBEGIN[0m
  ↳ app/controllers/courses_controller.rb:40:in `block in update'
  [1m[36mCourse Update (24.8ms)[0m  [1m[33mUPDATE "courses" SET "name" = $1, "updated_at" = $2 WHERE "courses"."id" = $3[0m  [["name", "ruby and rails"], ["updated_at", "2024-03-11 12:28:40.879308"], ["id", 1]]
  ↳ app/controllers/courses_controller.rb:40:in `block in update'
  [1m[35m (1.1ms)[0m  [1m[35mCOMMIT[0m
  ↳ app/controllers/courses_controller.rb:40:in `block in update'
  Rendering courses/show.json.jbuilder
  Rendered courses/_course.json.jbuilder (Duration: 1.4ms | Allocations: 74)
  Rendered courses/show.json.jbuilder (Duration: 1.9ms | Allocations: 235)
Completed 200 OK in 124ms (Views: 3.0ms | ActiveRecord: 28.8ms | Allocations: 6535)


Started GET "/courses.json" for ::1 at 2024-03-11 16:29:00 +0400
Processing by CoursesController#index as JSON
  Rendering courses/index.json.jbuilder
  [1m[36mCourse Load (15.1ms)[0m  [1m[34mSELECT "courses".* FROM "courses"[0m
  ↳ app/views/courses/index.json.jbuilder:1
  Rendered collection of courses/_course.json.jbuilder [2 times] (Duration: 0.5ms | Allocations: 182)
  Rendered courses/index.json.jbuilder (Duration: 19.1ms | Allocations: 1144)
Completed 200 OK in 21ms (Views: 4.9ms | ActiveRecord: 15.1ms | Allocations: 1507)


Started DELETE "/courses/1.json" for ::1 at 2024-03-11 16:29:40 +0400
Processing by CoursesController#destroy as JSON
  Parameters: {"id"=>"1"}
  [1m[36mCourse Load (23.9ms)[0m  [1m[34mSELECT "courses".* FROM "courses" WHERE "courses"."id" = $1 LIMIT $2[0m  [["id", 1], ["LIMIT", 1]]
  ↳ app/controllers/courses_controller.rb:63:in `set_course'
  [1m[35m (0.7ms)[0m  [1m[35mBEGIN[0m
  ↳ app/controllers/courses_controller.rb:52:in `destroy'
  [1m[36mCourse Destroy (2.0ms)[0m  [1m[31mDELETE FROM "courses" WHERE "courses"."id" = $1[0m  [["id", 1]]
  ↳ app/controllers/courses_controller.rb:52:in `destroy'
  [1m[35m (12.0ms)[0m  [1m[35mCOMMIT[0m
  ↳ app/controllers/courses_controller.rb:52:in `destroy'
Completed 204 No Content in 46ms (ActiveRecord: 38.7ms | Allocations: 2626)


Started GET "/courses.json" for ::1 at 2024-03-11 16:29:59 +0400
Processing by CoursesController#index as JSON
  Rendering courses/index.json.jbuilder
  [1m[36mCourse Load (0.8ms)[0m  [1m[34mSELECT "courses".* FROM "courses"[0m
  ↳ app/views/courses/index.json.jbuilder:1
  Rendered collection of courses/_course.json.jbuilder [1 times] (Duration: 0.5ms | Allocations: 102)
  Rendered courses/index.json.jbuilder (Duration: 4.4ms | Allocations: 1420)
Completed 200 OK in 6ms (Views: 4.4ms | ActiveRecord: 0.8ms | Allocations: 1791)


Started GET "/courses.json" for ::1 at 2024-03-11 18:23:16 +0400
  [1m[35m (9.3ms)[0m  [1m[34mSELECT "schema_migrations"."version" FROM "schema_migrations" ORDER BY "schema_migrations"."version" ASC[0m
Processing by CoursesController#index as JSON
  Rendering courses/index.json.jbuilder
  [1m[36mCourse Load (32.6ms)[0m  [1m[34mSELECT "courses".* FROM "courses"[0m
  ↳ app/views/courses/index.json.jbuilder:1
  Rendered collection of courses/_course.json.jbuilder [1 times] (Duration: 1.5ms | Allocations: 205)
  Rendered courses/index.json.jbuilder (Duration: 181.9ms | Allocations: 12885)
Completed 200 OK in 499ms (Views: 198.0ms | ActiveRecord: 86.9ms | Allocations: 18577)


Started POST "/courses.json" for ::1 at 2024-03-11 18:23:30 +0400
Processing by CoursesController#create as JSON
  Parameters: {"course"=>{"name"=>"React1"}}
  [1m[35m (0.1ms)[0m  [1m[35mBEGIN[0m
  ↳ app/controllers/courses_controller.rb:18:in `block in create'
  [1m[36mCourse Create (41.4ms)[0m  [1m[32mINSERT INTO "courses" ("name", "created_at", "updated_at") VALUES ($1, $2, $3) RETURNING "id"[0m  [["name", "React1"], ["created_at", "2024-03-11 14:23:30.203749"], ["updated_at", "2024-03-11 14:23:30.203749"]]
  ↳ app/controllers/courses_controller.rb:18:in `block in create'
  [1m[35m (45.6ms)[0m  [1m[35mCOMMIT[0m
  ↳ app/controllers/courses_controller.rb:18:in `block in create'
  Rendering courses/show.json.jbuilder
  Rendered courses/_course.json.jbuilder (Duration: 0.9ms | Allocations: 136)
  Rendered courses/show.json.jbuilder (Duration: 5.7ms | Allocations: 457)
Completed 201 Created in 99ms (Views: 7.3ms | ActiveRecord: 87.2ms | Allocations: 10716)


Started GET "/courses.json" for ::1 at 2024-03-11 18:23:35 +0400
Processing by CoursesController#index as JSON
  Rendering courses/index.json.jbuilder
  [1m[36mCourse Load (0.3ms)[0m  [1m[34mSELECT "courses".* FROM "courses"[0m
  ↳ app/views/courses/index.json.jbuilder:1
  Rendered collection of courses/_course.json.jbuilder [2 times] (Duration: 0.6ms | Allocations: 182)
  Rendered courses/index.json.jbuilder (Duration: 3.4ms | Allocations: 1152)
Completed 200 OK in 5ms (Views: 3.9ms | ActiveRecord: 0.3ms | Allocations: 1524)


  [1m[35m (0.3ms)[0m  [1m[34mSELECT pg_try_advisory_lock(5259941444891727195)[0m
  [1m[35m (7.9ms)[0m  [1m[34mSELECT "schema_migrations"."version" FROM "schema_migrations" ORDER BY "schema_migrations"."version" ASC[0m
Migrating to CreateTalents (20240311153532)
  [1m[35m (40.8ms)[0m  [1m[35mBEGIN[0m
  [1m[35m (87.8ms)[0m  [1m[35mCREATE TABLE "talents" ("id" bigserial primary key, "name" character varying, "email" character varying, "created_at" timestamp(6) NOT NULL, "updated_at" timestamp(6) NOT NULL)[0m
  [1m[36mActiveRecord::SchemaMigration Create (1.1ms)[0m  [1m[32mINSERT INTO "schema_migrations" ("version") VALUES ($1) RETURNING "version"[0m  [["version", "20240311153532"]]
  [1m[35m (7.3ms)[0m  [1m[35mCOMMIT[0m
  [1m[36mActiveRecord::InternalMetadata Load (37.7ms)[0m  [1m[34mSELECT "ar_internal_metadata".* FROM "ar_internal_metadata" WHERE "ar_internal_metadata"."key" = $1 LIMIT $2[0m  [["key", "environment"], ["LIMIT", 1]]
  [1m[35m (0.3ms)[0m  [1m[34mSELECT pg_advisory_unlock(5259941444891727195)[0m
  [1m[35m (0.5ms)[0m  [1m[34mSELECT "schema_migrations"."version" FROM "schema_migrations" ORDER BY "schema_migrations"."version" ASC[0m
Started GET "/talents.json" for ::1 at 2024-03-11 19:41:44 +0400
  [1m[35m (2.3ms)[0m  [1m[34mSELECT "schema_migrations"."version" FROM "schema_migrations" ORDER BY "schema_migrations"."version" ASC[0m
Processing by TalentsController#index as JSON
  Rendering talents/index.json.jbuilder
  [1m[36mTalent Load (1.3ms)[0m  [1m[34mSELECT "talents".* FROM "talents"[0m
  ↳ app/views/talents/index.json.jbuilder:1
  Rendered collection of talents/_talent.json.jbuilder [0 times] (Duration: 0.0ms | Allocations: 3)
  Rendered talents/index.json.jbuilder (Duration: 28.9ms | Allocations: 1526)
Completed 200 OK in 199ms (Views: 52.1ms | ActiveRecord: 10.0ms | Allocations: 4962)


  [1m[35m (0.2ms)[0m  [1m[35mBEGIN[0m
  [1m[36mTalent Create (40.9ms)[0m  [1m[32mINSERT INTO "talents" ("name", "email", "created_at", "updated_at") VALUES ($1, $2, $3, $4) RETURNING "id"[0m  [["name", "smiley"], ["email", "smiiley@gmail.com"], ["created_at", "2024-03-11 15:42:39.896629"], ["updated_at", "2024-03-11 15:42:39.896629"]]
  [1m[35m (43.5ms)[0m  [1m[35mCOMMIT[0m
Started GET "/talents.json" for ::1 at 2024-03-11 19:42:44 +0400
Processing by TalentsController#index as JSON
  Rendering talents/index.json.jbuilder
  [1m[36mTalent Load (1.2ms)[0m  [1m[34mSELECT "talents".* FROM "talents"[0m
  ↳ app/views/talents/index.json.jbuilder:1
  Rendered collection of talents/_talent.json.jbuilder [1 times] (Duration: 8.4ms | Allocations: 211)
  Rendered talents/index.json.jbuilder (Duration: 20.8ms | Allocations: 3650)
Completed 200 OK in 22ms (Views: 15.4ms | ActiveRecord: 5.9ms | Allocations: 4022)


Started POST "/talents.json" for ::1 at 2024-03-11 19:43:38 +0400
Processing by TalentsController#create as JSON
  Parameters: {"talent"=>{"name"=>"Gautam", "email"=>"gautam@gmail.com"}}
  [1m[35m (0.1ms)[0m  [1m[35mBEGIN[0m
  ↳ app/controllers/talents_controller.rb:18:in `block in create'
  [1m[36mTalent Create (0.8ms)[0m  [1m[32mINSERT INTO "talents" ("name", "email", "created_at", "updated_at") VALUES ($1, $2, $3, $4) RETURNING "id"[0m  [["name", "Gautam"], ["email", "gautam@gmail.com"], ["created_at", "2024-03-11 15:43:38.144350"], ["updated_at", "2024-03-11 15:43:38.144350"]]
  ↳ app/controllers/talents_controller.rb:18:in `block in create'
  [1m[35m (46.7ms)[0m  [1m[35mCOMMIT[0m
  ↳ app/controllers/talents_controller.rb:18:in `block in create'
  Rendering talents/show.json.jbuilder
  Rendered talents/_talent.json.jbuilder (Duration: 3.7ms | Allocations: 138)
  Rendered talents/show.json.jbuilder (Duration: 14.9ms | Allocations: 471)
Completed 201 Created in 68ms (Views: 16.5ms | ActiveRecord: 47.6ms | Allocations: 3623)


Started PATCH "/talents/1.json" for ::1 at 2024-03-11 19:44:53 +0400
Processing by TalentsController#update as JSON
  Parameters: {"talent"=>{"name"=>"Smiley Sachdeva"}, "id"=>"1"}
  [1m[36mTalent Load (0.2ms)[0m  [1m[34mSELECT "talents".* FROM "talents" WHERE "talents"."id" = $1 LIMIT $2[0m  [["id", 1], ["LIMIT", 1]]
  ↳ app/controllers/talents_controller.rb:49:in `set_talent'
  [1m[35m (0.2ms)[0m  [1m[35mBEGIN[0m
  ↳ app/controllers/talents_controller.rb:29:in `block in update'
  [1m[36mTalent Update (2.3ms)[0m  [1m[33mUPDATE "talents" SET "name" = $1, "updated_at" = $2 WHERE "talents"."id" = $3[0m  [["name", "Smiley Sachdeva"], ["updated_at", "2024-03-11 15:44:53.719464"], ["id", 1]]
  ↳ app/controllers/talents_controller.rb:29:in `block in update'
  [1m[35m (1.7ms)[0m  [1m[35mCOMMIT[0m
  ↳ app/controllers/talents_controller.rb:29:in `block in update'
  Rendering talents/show.json.jbuilder
  Rendered talents/_talent.json.jbuilder (Duration: 0.2ms | Allocations: 76)
  Rendered talents/show.json.jbuilder (Duration: 0.5ms | Allocations: 249)
Completed 200 OK in 40ms (Views: 1.0ms | ActiveRecord: 4.6ms | Allocations: 6533)


Started DELETE "/talents/1.json" for ::1 at 2024-03-11 19:45:23 +0400
Processing by TalentsController#destroy as JSON
  Parameters: {"id"=>"1"}
  [1m[36mTalent Load (0.4ms)[0m  [1m[34mSELECT "talents".* FROM "talents" WHERE "talents"."id" = $1 LIMIT $2[0m  [["id", 1], ["LIMIT", 1]]
  ↳ app/controllers/talents_controller.rb:49:in `set_talent'
  [1m[35m (0.1ms)[0m  [1m[35mBEGIN[0m
  ↳ app/controllers/talents_controller.rb:39:in `destroy'
  [1m[36mTalent Destroy (0.3ms)[0m  [1m[31mDELETE FROM "talents" WHERE "talents"."id" = $1[0m  [["id", 1]]
  ↳ app/controllers/talents_controller.rb:39:in `destroy'
  [1m[35m (7.0ms)[0m  [1m[35mCOMMIT[0m
  ↳ app/controllers/talents_controller.rb:39:in `destroy'
Completed 204 No Content in 14ms (ActiveRecord: 7.8ms | Allocations: 5288)


Started GET "/talents.json" for ::1 at 2024-03-11 19:45:36 +0400
Processing by TalentsController#index as JSON
  Rendering talents/index.json.jbuilder
  [1m[36mTalent Load (0.2ms)[0m  [1m[34mSELECT "talents".* FROM "talents"[0m
  ↳ app/views/talents/index.json.jbuilder:1
  Rendered collection of talents/_talent.json.jbuilder [1 times] (Duration: 0.4ms | Allocations: 105)
  Rendered talents/index.json.jbuilder (Duration: 2.1ms | Allocations: 1003)
Completed 200 OK in 3ms (Views: 2.3ms | ActiveRecord: 0.2ms | Allocations: 1367)


Started GET "/talents.json" for ::1 at 2024-03-11 19:48:30 +0400
Processing by TalentsController#index as JSON
  Rendering talents/index.json.jbuilder
  [1m[36mTalent Load (0.4ms)[0m  [1m[34mSELECT "talents".* FROM "talents"[0m
  ↳ app/views/talents/index.json.jbuilder:1
  Rendered collection of talents/_talent.json.jbuilder [1 times] (Duration: 2.5ms | Allocations: 171)
  Rendered talents/index.json.jbuilder (Duration: 9.9ms | Allocations: 1267)
Completed 200 OK in 21ms (Views: 18.7ms | ActiveRecord: 0.4ms | Allocations: 2821)


